<?xml version="1.0" encoding="UTF-8"?>
<!-- Generated by org.testng.reporters.JUnitReportReporter -->
<testsuite hostname="LAPTOP-GCEPLDKO" failures="0" tests="3" name="User" time="14.633" errors="0" timestamp="26 May 2021 23:22:01 GMT" skipped="0">
  <testcase classname="User" name="launchBrowser" time="8.239"/>
  <testcase classname="User" name="launchApplication" time="5.915"/>
  <testcase classname="User" name="closeBrowsr" time="0.479"/>
</testsuite> <!-- User -->
