<?xml version="1.0" encoding="UTF-8"?>
<!-- Generated by org.testng.reporters.JUnitReportReporter -->
<testsuite hostname="LAPTOP-GCEPLDKO" failures="0" tests="4" name="com.qa.tests.DemoTest" time="0.021" errors="0" timestamp="07 Jun 2021 21:08:45 GMT" skipped="0">
  <testcase classname="com.qa.tests.DemoTest" name="sum" time="0.002"/>
  <testcase classname="com.qa.tests.DemoTest" name="div" time="0.014"/>
  <testcase classname="com.qa.tests.DemoTest" name="multi" time="0.003"/>
  <testcase classname="com.qa.tests.DemoTest" name="sub" time="0.002"/>
</testsuite> <!-- com.qa.tests.DemoTest -->
