<?xml version="1.0" encoding="UTF-8"?>
<!-- Generated by org.testng.reporters.JUnitReportReporter -->
<testsuite hostname="LAPTOP-GCEPLDKO" failures="0" tests="1" name="ash.qa.testone.TestJavaNg" time="0.016" errors="0" timestamp="11 Aug 2021 02:10:39 GMT" skipped="0">
  <testcase classname="ash.qa.testone.TestJavaNg" name="verifyHomepageTitle" time="0.016"/>
</testsuite> <!-- ash.qa.testone.TestJavaNg -->
