<?xml version="1.0" encoding="UTF-8"?>
<!-- Generated by org.testng.reporters.JUnitReportReporter -->
<testsuite hostname="LAPTOP-GCEPLDKO" failures="0" tests="2" name="ash.qa.testone.TestAnnotationsOne" time="0.013" errors="0" timestamp="06 Jun 2021 21:41:35 GMT" skipped="0">
  <testcase classname="ash.qa.testone.TestAnnotationsOne" name="testCase2" time="0.004"/>
  <testcase classname="ash.qa.testone.TestAnnotationsOne" name="testCase1" time="0.009"/>
</testsuite> <!-- ash.qa.testone.TestAnnotationsOne -->
